{
  "stats": {
    "suites": 1,
    "tests": 1,
    "passes": 0,
    "pending": 0,
    "failures": 1,
    "start": "2026-05-29T11:03:59.706Z",
    "end": "2026-05-29T11:04:02.669Z",
    "duration": 2963,
    "testsRegistered": 1,
    "passPercent": 0,
    "pendingPercent": 0,
    "other": 0,
    "hasOther": false,
    "skipped": 0,
    "hasSkipped": false
  },
  "results": [
    {
      "uuid": "b5005181-75ed-47fa-b2ae-203a5fa2a80d",
      "title": "",
      "fullFile": "cypress\\e2e\\garage.cy.js",
      "file": "cypress\\e2e\\garage.cy.js",
      "beforeHooks": [],
      "afterHooks": [],
      "tests": [],
      "suites": [
        {
          "uuid": "747548cd-a55e-4ed7-8de6-2e72316e139b",
          "title": "Garage and Fuel Expenses Flow",
          "fullFile": "",
          "file": "",
          "beforeHooks": [],
          "afterHooks": [],
          "tests": [
            {
              "title": "should successfully add a car and fuel expense for it",
              "fullTitle": "Garage and Fuel Expenses Flow should successfully add a car and fuel expense for it",
              "timedOut": null,
              "duration": 2901,
              "state": "failed",
              "speed": null,
              "pass": false,
              "fail": true,
              "pending": false,
              "context": null,
              "code": "const carMileage = 1200;\nconst expenseMileage = 1500;\n// 1. Додаємо машину\n_GaragePage.default.addCar('BMW', 'X5', carMileage);\ncy.get('.car-heading').should('contain', 'BMW X5');\n// 2. Додаємо витрати палива\n_GaragePage.default.clickAddExpenseForFirstCar();\n_ExpensesPage.default.addFuelExpense(expenseMileage, '50', '2500');\n// Перевірка успішності (наприклад, поява алерта або закриття модалки)\ncy.get('.modal-content').should('not.exist');",
              "err": {
                "message": "CypressError: `cy.env()` must be passed a non-empty list of strings. You passed: 'userEmail'.\n\nhttps://on.cypress.io/env\n\nBecause this error occurred during a `before each` hook we are skipping the remaining tests in the current suite: `Garage and Fuel Expenses Flow`",
                "estack": "CypressError: `cy.env()` must be passed a non-empty list of strings. You passed: 'userEmail'.\n\nhttps://on.cypress.io/env\n\nBecause this error occurred during a `before each` hook we are skipping the remaining tests in the current suite: `Garage and Fuel Expenses Flow`\n    at Context.env (https://guest:welcome2qauto@qauto.forstudy.space/__cypress/runner/cypress_runner.js:123867:70)\n    at wrapped (https://guest:welcome2qauto@qauto.forstudy.space/__cypress/runner/cypress_runner.js:146474:43)\nFrom Your Spec Code:\n    at Context.eval (webpack:///../cypress/e2e/garage.cy.js:11:35)",
                "diff": null
              },
              "uuid": "cb841ede-386e-45c9-80a2-6f88afbb95df",
              "parentUUID": "747548cd-a55e-4ed7-8de6-2e72316e139b",
              "isHook": false,
              "skipped": false
            }
          ],
          "suites": [],
          "passes": [],
          "failures": [
            "cb841ede-386e-45c9-80a2-6f88afbb95df"
          ],
          "pending": [],
          "skipped": [],
          "duration": 2901,
          "root": false,
          "rootEmpty": false,
          "_timeout": 2000
        }
      ],
      "passes": [],
      "failures": [],
      "pending": [],
      "skipped": [],
      "duration": 0,
      "root": true,
      "rootEmpty": true,
      "_timeout": 2000
    }
  ],
  "meta": {
    "mocha": {
      "version": "7.2.0"
    },
    "mochawesome": {
      "options": {
        "quiet": false,
        "reportFilename": "mochawesome",
        "saveHtml": false,
        "saveJson": true,
        "consoleReporter": "spec",
        "useInlineDiffs": false,
        "code": true
      },
      "version": "7.1.4"
    },
    "marge": {
      "options": {
        "reportDir": "cypress/reports",
        "overwrite": false,
        "html": false,
        "json": true
      },
      "version": "6.3.2"
    }
  }
}