{
  "stats": {
    "suites": 1,
    "tests": 1,
    "passes": 0,
    "pending": 0,
    "failures": 1,
    "start": "2026-05-29T11:05:13.976Z",
    "end": "2026-05-29T11:05:14.321Z",
    "duration": 345,
    "testsRegistered": 1,
    "passPercent": 0,
    "pendingPercent": 0,
    "other": 0,
    "hasOther": false,
    "skipped": 0,
    "hasSkipped": false
  },
  "results": [
    {
      "uuid": "e0cab135-7ae4-4b32-9374-60187e791d41",
      "title": "",
      "fullFile": "cypress\\e2e\\garage.cy.js",
      "file": "cypress\\e2e\\garage.cy.js",
      "beforeHooks": [],
      "afterHooks": [],
      "tests": [],
      "suites": [
        {
          "uuid": "ec042192-ee7f-40c2-9529-7822b9241dd8",
          "title": "Garage and Fuel Expenses Flow",
          "fullFile": "",
          "file": "",
          "beforeHooks": [],
          "afterHooks": [],
          "tests": [
            {
              "title": "should successfully add a car and fuel expense for it",
              "fullTitle": "Garage and Fuel Expenses Flow should successfully add a car and fuel expense for it",
              "timedOut": null,
              "duration": 289,
              "state": "failed",
              "speed": null,
              "pass": false,
              "fail": true,
              "pending": false,
              "context": null,
              "code": "const carMileage = 1200;\nconst expenseMileage = 1500;\n// 1. Додаємо машину\n_GaragePage.default.addCar('BMW', 'X5', carMileage);\ncy.get('.car-heading').should('contain', 'BMW X5');\n// 2. Додаємо витрати палива\n_GaragePage.default.clickAddExpenseForFirstCar();\n_ExpensesPage.default.addFuelExpense(expenseMileage, '50', '2500');\n// Перевірка успішності (наприклад, поява алерта або закриття модалки)\ncy.get('.modal-content').should('not.exist');",
              "err": {
                "message": "TypeError: Cannot read properties of undefined (reading 'userEmail')\n\nBecause this error occurred during a `before each` hook we are skipping the remaining tests in the current suite: `Garage and Fuel Expenses Flow`",
                "estack": "TypeError: Cannot read properties of undefined (reading 'userEmail')\n\nBecause this error occurred during a `before each` hook we are skipping the remaining tests in the current suite: `Garage and Fuel Expenses Flow`\n    at Context.eval (webpack:///../cypress/e2e/garage.cy.js:15:36)\n    at runnable.fn (https://guest:welcome2qauto@qauto.forstudy.space/__cypress/runner/cypress_runner.js:146755:19)\n    at callFn (https://guest:welcome2qauto@qauto.forstudy.space/__cypress/runner/cypress_runner.js:165952:21)\n    at Runnable.run (https://guest:welcome2qauto@qauto.forstudy.space/__cypress/runner/cypress_runner.js:165939:7)\n    at <unknown> (https://guest:welcome2qauto@qauto.forstudy.space/__cypress/runner/cypress_runner.js:172036:30)\n    at PassThroughHandlerContext.finallyHandler (https://guest:welcome2qauto@qauto.forstudy.space/__cypress/runner/cypress_runner.js:4042:23)\n    at PassThroughHandlerContext.tryCatcher (https://guest:welcome2qauto@qauto.forstudy.space/__cypress/runner/cypress_runner.js:1777:23)\n    at Promise._settlePromiseFromHandler (https://guest:welcome2qauto@qauto.forstudy.space/__cypress/runner/cypress_runner.js:1489:31)\n    at Promise._settlePromise (https://guest:welcome2qauto@qauto.forstudy.space/__cypress/runner/cypress_runner.js:1546:18)",
                "diff": null
              },
              "uuid": "45c4cc3b-99ad-4540-91ef-271465aa6dc4",
              "parentUUID": "ec042192-ee7f-40c2-9529-7822b9241dd8",
              "isHook": false,
              "skipped": false
            }
          ],
          "suites": [],
          "passes": [],
          "failures": [
            "45c4cc3b-99ad-4540-91ef-271465aa6dc4"
          ],
          "pending": [],
          "skipped": [],
          "duration": 289,
          "root": false,
          "rootEmpty": false,
          "_timeout": 2000
        }
      ],
      "passes": [],
      "failures": [],
      "pending": [],
      "skipped": [],
      "duration": 0,
      "root": true,
      "rootEmpty": true,
      "_timeout": 2000
    }
  ],
  "meta": {
    "mocha": {
      "version": "7.2.0"
    },
    "mochawesome": {
      "options": {
        "quiet": false,
        "reportFilename": "mochawesome",
        "saveHtml": false,
        "saveJson": true,
        "consoleReporter": "spec",
        "useInlineDiffs": false,
        "code": true
      },
      "version": "7.1.4"
    },
    "marge": {
      "options": {
        "reportDir": "cypress/reports",
        "overwrite": false,
        "html": false,
        "json": true
      },
      "version": "6.3.2"
    }
  }
}