{
  "stats": {
    "suites": 1,
    "tests": 1,
    "passes": 1,
    "pending": 0,
    "failures": 0,
    "start": "2026-05-29T11:08:01.486Z",
    "end": "2026-05-29T11:08:07.838Z",
    "duration": 6352,
    "testsRegistered": 1,
    "passPercent": 100,
    "pendingPercent": 0,
    "other": 0,
    "hasOther": false,
    "skipped": 0,
    "hasSkipped": false
  },
  "results": [
    {
      "uuid": "d8079498-ecd1-4cc0-9eaa-54d834abe747",
      "title": "",
      "fullFile": "cypress\\e2e\\garage.cy.js",
      "file": "cypress\\e2e\\garage.cy.js",
      "beforeHooks": [],
      "afterHooks": [],
      "tests": [],
      "suites": [
        {
          "uuid": "ea00f035-0563-46a2-85e8-30c8872dd8fe",
          "title": "Garage and Fuel Expenses Flow",
          "fullFile": "",
          "file": "",
          "beforeHooks": [],
          "afterHooks": [],
          "tests": [
            {
              "title": "should successfully add a car and fuel expense for it",
              "fullTitle": "Garage and Fuel Expenses Flow should successfully add a car and fuel expense for it",
              "timedOut": null,
              "duration": 6316,
              "state": "passed",
              "speed": "medium",
              "pass": true,
              "fail": false,
              "pending": false,
              "context": null,
              "code": "const carMileage = 1200;\nconst expenseMileage = 1500;\n// 1. Додаємо машину\n_GaragePage.default.addCar('BMW', 'X5', carMileage);\ncy.get('.car-heading').should('contain', 'BMW X5');\n// 2. Додаємо витрати палива\n_GaragePage.default.clickAddExpenseForFirstCar();\n_ExpensesPage.default.addFuelExpense(expenseMileage, '50', '2500');\n// Перевірка успішності (наприклад, поява алерта або закриття модалки)\ncy.get('.modal-content').should('not.exist');",
              "err": {},
              "uuid": "fdc228d5-497d-4ed9-88bc-3ae66fe3a843",
              "parentUUID": "ea00f035-0563-46a2-85e8-30c8872dd8fe",
              "isHook": false,
              "skipped": false
            }
          ],
          "suites": [],
          "passes": [
            "fdc228d5-497d-4ed9-88bc-3ae66fe3a843"
          ],
          "failures": [],
          "pending": [],
          "skipped": [],
          "duration": 6316,
          "root": false,
          "rootEmpty": false,
          "_timeout": 2000
        }
      ],
      "passes": [],
      "failures": [],
      "pending": [],
      "skipped": [],
      "duration": 0,
      "root": true,
      "rootEmpty": true,
      "_timeout": 2000
    }
  ],
  "meta": {
    "mocha": {
      "version": "7.2.0"
    },
    "mochawesome": {
      "options": {
        "quiet": false,
        "reportFilename": "mochawesome",
        "saveHtml": false,
        "saveJson": true,
        "consoleReporter": "spec",
        "useInlineDiffs": false,
        "code": true
      },
      "version": "7.1.4"
    },
    "marge": {
      "options": {
        "reportDir": "cypress/reports",
        "overwrite": false,
        "html": false,
        "json": true
      },
      "version": "6.3.2"
    }
  }
}